Using pre-set license
Built from '6000.0/staging' branch; Version is '6000.0.34f1 (5ab2d9ed9190) revision 5944025'; Using compiler version '193933523'; Build Type 'Release'
OS: 'Windows 10  (10.0.19045) 64bit Core' Language: 'en' Physical Memory: 15734 MB
BatchMode: 1, IsHumanControllingUs: 0, StartBugReporterOnCrash: 0, Is64bit: 1, IsPro: 1

COMMAND LINE ARGUMENTS:
C:\Program Files\Unity\Hub\Editor\6000.0.34f1\Editor\Unity.exe
-adb2
-batchMode
-noUpm
-name
AssetImportWorker0
-projectPath
C:/Users/Chris/Unity Projects/texture-blend-with-parallax-mapping
-logFile
Logs/AssetImportWorker0.log
-srvPort
51015
-job-worker-count
7
-background-job-worker-count
8
-gc-helper-count
1
Successfully changed project path to: C:/Users/Chris/Unity Projects/texture-blend-with-parallax-mapping
C:/Users/Chris/Unity Projects/texture-blend-with-parallax-mapping
[UnityMemory] Configuration Parameters - Can be set up in boot.config
    "memorysetup-bucket-allocator-granularity=16"
    "memorysetup-bucket-allocator-bucket-count=8"
    "memorysetup-bucket-allocator-block-size=33554432"
    "memorysetup-bucket-allocator-block-count=8"
    "memorysetup-main-allocator-block-size=16777216"
    "memorysetup-thread-allocator-block-size=16777216"
    "memorysetup-gfx-main-allocator-block-size=16777216"
    "memorysetup-gfx-thread-allocator-block-size=16777216"
    "memorysetup-cache-allocator-block-size=4194304"
    "memorysetup-typetree-allocator-block-size=2097152"
    "memorysetup-profiler-bucket-allocator-granularity=16"
    "memorysetup-profiler-bucket-allocator-bucket-count=8"
    "memorysetup-profiler-bucket-allocator-block-size=33554432"
    "memorysetup-profiler-bucket-allocator-block-count=8"
    "memorysetup-profiler-allocator-block-size=16777216"
    "memorysetup-profiler-editor-allocator-block-size=1048576"
    "memorysetup-temp-allocator-size-main=16777216"
    "memorysetup-job-temp-allocator-block-size=2097152"
    "memorysetup-job-temp-allocator-block-size-background=1048576"
    "memorysetup-job-temp-allocator-reduction-small-platforms=262144"
    "memorysetup-allocator-temp-initial-block-size-main=262144"
    "memorysetup-allocator-temp-initial-block-size-worker=262144"
    "memorysetup-temp-allocator-size-background-worker=32768"
    "memorysetup-temp-allocator-size-job-worker=262144"
    "memorysetup-temp-allocator-size-preload-manager=33554432"
    "memorysetup-temp-allocator-size-nav-mesh-worker=65536"
    "memorysetup-temp-allocator-size-audio-worker=65536"
    "memorysetup-temp-allocator-size-cloud-worker=32768"
    "memorysetup-temp-allocator-size-gi-baking-worker=262144"
    "memorysetup-temp-allocator-size-gi-baking-worker=262144"
    "memorysetup-temp-allocator-size-gi-baking-worker=262144"
    "memorysetup-temp-allocator-size-gi-baking-worker=262144"
    "memorysetup-temp-allocator-size-gi-baking-worker=262144"
    "memorysetup-temp-allocator-size-gfx=262144"
Player connection [17160]  Target information:

Player connection [17160]  * "[IP] 192.168.0.15 [Port] 0 [Flags] 2 [Guid] 1511723568 [EditorId] 1511723568 [Version] 1048832 [Id] WindowsEditor(7,LAPTOP-CCSOUTHC) [Debug] 1 [PackageName] WindowsEditor [ProjectName] Editor" 

Player connection [17160] Host joined multi-casting on [225.0.0.222:54997]...
Player connection [17160] Host joined alternative multi-casting on [225.0.0.222:34997]...
JobSystem: Creating JobQueue using job-worker-count value 7
Input System module state changed to: Initialized.
[Physics::Module] Initialized fallback backend.
[Physics::Module] Id: 0xdecafbad
Library Redirect Path: Library/
[Physics::Module] Selected backend.
[Physics::Module] Name: PhysX
[Physics::Module] Id: 0xf2b8ea05
[Physics::Module] SDK Version: 4.1.2
[Physics::Module] Integration Version: 1.0.0
[Physics::Module] Threading Mode: Multi-Threaded
Refreshing native plugins compatible for Editor in 1.87 ms, found 2 plugins.
Preloading 0 native plugins for Editor in 0.00 ms.
Initialize engine version: 6000.0.34f1 (5ab2d9ed9190)
[Subsystems] Discovering subsystems at path C:/Program Files/Unity/Hub/Editor/6000.0.34f1/Editor/Data/Resources/UnitySubsystems
[Subsystems] Discovering subsystems at path C:/Users/Chris/Unity Projects/texture-blend-with-parallax-mapping/Assets
GfxDevice: creating device client; kGfxThreadingModeNonThreaded
Direct3D:
    Version:  Direct3D 11.0 [level 11.1]
    Renderer: NVIDIA GeForce RTX 3060 Laptop GPU (ID=0x2560)
    Vendor:   NVIDIA
    VRAM:     6009 MB
    Driver:   31.0.15.3734
Shader 'TextMeshPro/Distance Field Overlay': fallback shader 'TextMeshPro/Mobile/Distance Field' not found
Shader 'TextMeshPro/Distance Field': fallback shader 'TextMeshPro/Mobile/Distance Field' not found
Initialize mono
Mono path[0] = 'C:/Program Files/Unity/Hub/Editor/6000.0.34f1/Editor/Data/Managed'
Mono path[1] = 'C:/Program Files/Unity/Hub/Editor/6000.0.34f1/Editor/Data/MonoBleedingEdge/lib/mono/unityjit-win32'
Mono config path = 'C:/Program Files/Unity/Hub/Editor/6000.0.34f1/Editor/Data/MonoBleedingEdge/etc'
Using monoOptions --debugger-agent=transport=dt_socket,embedding=1,server=y,suspend=n,address=127.0.0.1:56288
Begin MonoManager ReloadAssembly
Registering precompiled unity dll's ...
Register platform support module: C:/Program Files/Unity/Hub/Editor/6000.0.34f1/Editor/Data/PlaybackEngines/WebGLSupport/UnityEditor.WebGL.Extensions.dll
Register platform support module: C:/Program Files/Unity/Hub/Editor/6000.0.34f1/Editor/Data/PlaybackEngines/WindowsStandaloneSupport/UnityEditor.WindowsStandalone.Extensions.dll
Registered in 0.006294 seconds.
- Loaded All Assemblies, in  0.489 seconds
Native extension for WindowsStandalone target not found
Native extension for WebGL target not found
Mono: successfully reloaded assembly
- Finished resetting the current domain, in  0.344 seconds
Domain Reload Profiling: 829ms
	BeginReloadAssembly (184ms)
		ExecutionOrderSort (0ms)
		DisableScriptedObjects (0ms)
		BackupInstance (0ms)
		ReleaseScriptingObjects (0ms)
		CreateAndSetChildDomain (1ms)
	RebuildCommonClasses (42ms)
	RebuildNativeTypeToScriptingClass (13ms)
	initialDomainReloadingComplete (68ms)
	LoadAllAssembliesAndSetupDomain (177ms)
		LoadAssemblies (179ms)
		RebuildTransferFunctionScriptingTraits (0ms)
		AnalyzeDomain (173ms)
			TypeCache.Refresh (172ms)
				TypeCache.ScanAssembly (159ms)
			BuildScriptInfoCaches (0ms)
			ResolveRequiredComponents (0ms)
	FinalizeReload (344ms)
		ReleaseScriptCaches (0ms)
		RebuildScriptCaches (0ms)
		SetupLoadedEditorAssemblies (308ms)
			LogAssemblyErrors (0ms)
			InitializePlatformSupportModulesInManaged (27ms)
			SetLoadedEditorAssemblies (5ms)
			BeforeProcessingInitializeOnLoad (63ms)
			ProcessInitializeOnLoadAttributes (154ms)
			ProcessInitializeOnLoadMethodAttributes (59ms)
			AfterProcessingInitializeOnLoad (0ms)
			EditorAssembliesLoaded (0ms)
		ExecutionOrderSort2 (0ms)
		AwakeInstancesAfterBackupRestoration (0ms)
========================================================================
Worker process is ready to serve import requests
Import Worker Mode flag is 0x00
Begin MonoManager ReloadAssembly
- Loaded All Assemblies, in  0.647 seconds
Script 'Canvas' has the same name as built-in Unity component.
AddComponent and GetComponent will not work with this script.
Refreshing native plugins compatible for Editor in 1.00 ms, found 2 plugins.
Native extension for WindowsStandalone target not found
Native extension for WebGL target not found
Mono: successfully reloaded assembly
- Finished resetting the current domain, in  0.573 seconds
Domain Reload Profiling: 1214ms
	BeginReloadAssembly (191ms)
		ExecutionOrderSort (0ms)
		DisableScriptedObjects (7ms)
		BackupInstance (0ms)
		ReleaseScriptingObjects (0ms)
		CreateAndSetChildDomain (33ms)
	RebuildCommonClasses (40ms)
	RebuildNativeTypeToScriptingClass (12ms)
	initialDomainReloadingComplete (42ms)
	LoadAllAssembliesAndSetupDomain (356ms)
		LoadAssemblies (369ms)
		RebuildTransferFunctionScriptingTraits (0ms)
		AnalyzeDomain (104ms)
			TypeCache.Refresh (82ms)
				TypeCache.ScanAssembly (67ms)
			BuildScriptInfoCaches (18ms)
			ResolveRequiredComponents (2ms)
	FinalizeReload (574ms)
		ReleaseScriptCaches (0ms)
		RebuildScriptCaches (0ms)
		SetupLoadedEditorAssemblies (463ms)
			LogAssemblyErrors (0ms)
			InitializePlatformSupportModulesInManaged (4ms)
			SetLoadedEditorAssemblies (3ms)
			BeforeProcessingInitializeOnLoad (75ms)
			ProcessInitializeOnLoadAttributes (343ms)
			ProcessInitializeOnLoadMethodAttributes (27ms)
			AfterProcessingInitializeOnLoad (10ms)
			EditorAssembliesLoaded (0ms)
		ExecutionOrderSort2 (0ms)
		AwakeInstancesAfterBackupRestoration (8ms)
Launched and connected shader compiler UnityShaderCompiler.exe after 0.01 seconds
Refreshing native plugins compatible for Editor in 1.16 ms, found 2 plugins.
Preloading 0 native plugins for Editor in 0.00 ms.
Unloading 23 Unused Serialized files (Serialized files now loaded: 0)
Unloading 1618 unused Assets / (0.6 MB). Loaded Objects now: 2121.
Memory consumption went from 74.0 MB to 73.4 MB.
Total: 7.932300 ms (FindLiveObjects: 0.508300 ms CreateObjectMapping: 0.266600 ms MarkObjects: 6.127400 ms  DeleteObjects: 1.028200 ms)

========================================================================
Received Import Request.
  Time since last request: 65380.077351 seconds.
  path: Assets/BlendTex.png
  artifactKey: Guid(52a5513ac8d188e49bf2bdfda5470b3a) Importer(815301076,1909f56bfc062723c751e8b465ee728b)
Start importing Assets/BlendTex.png using Guid(52a5513ac8d188e49bf2bdfda5470b3a) Importer(815301076,1909f56bfc062723c751e8b465ee728b) (PreviewImporter) -> (artifact id: '5f1611baf7ca1e8e6f48c27bc410b0e8') in 0.1106963 seconds
Number of updated asset objects reloaded before import = 0Number of asset objects unloaded after import = 2

========================================================================
Received Import Request.
  Time since last request: 96.026802 seconds.
  path: Assets/Scenes
  artifactKey: Guid(af7c25ee0726dcd48a6b1ecfa31ca61e) Importer(815301076,1909f56bfc062723c751e8b465ee728b)
Start importing Assets/Scenes using Guid(af7c25ee0726dcd48a6b1ecfa31ca61e) Importer(815301076,1909f56bfc062723c751e8b465ee728b) (PreviewImporter) -> (artifact id: '14f9df58cb25e6a0e96ec25b8bc06a0d') in 0.0007375 seconds
Number of updated asset objects reloaded before import = 0Number of asset objects unloaded after import = 0

========================================================================
Received Import Request.
  Time since last request: 1.268090 seconds.
  path: Assets/Scenes/Demo.unity
  artifactKey: Guid(435c57f7c03dd7449a80d0ccc68711f3) Importer(815301076,1909f56bfc062723c751e8b465ee728b)
Start importing Assets/Scenes/Demo.unity using Guid(435c57f7c03dd7449a80d0ccc68711f3) Importer(815301076,1909f56bfc062723c751e8b465ee728b) (PreviewImporter) -> (artifact id: '95a2523c03f9864c8292e5b08f43f2e2') in 0.0007357 seconds
Number of updated asset objects reloaded before import = 0Number of asset objects unloaded after import = 0

========================================================================
Received Prepare
Begin MonoManager ReloadAssembly
- Loaded All Assemblies, in  0.556 seconds
Script 'Canvas' has the same name as built-in Unity component.
AddComponent and GetComponent will not work with this script.
Refreshing native plugins compatible for Editor in 0.75 ms, found 2 plugins.
Native extension for WindowsStandalone target not found
Native extension for WebGL target not found
Mono: successfully reloaded assembly
- Finished resetting the current domain, in  0.560 seconds
Domain Reload Profiling: 1112ms
	BeginReloadAssembly (200ms)
		ExecutionOrderSort (0ms)
		DisableScriptedObjects (7ms)
		BackupInstance (0ms)
		ReleaseScriptingObjects (0ms)
		CreateAndSetChildDomain (42ms)
	RebuildCommonClasses (36ms)
	RebuildNativeTypeToScriptingClass (12ms)
	initialDomainReloadingComplete (29ms)
	LoadAllAssembliesAndSetupDomain (274ms)
		LoadAssemblies (305ms)
		RebuildTransferFunctionScriptingTraits (0ms)
		AnalyzeDomain (80ms)
			TypeCache.Refresh (7ms)
				TypeCache.ScanAssembly (1ms)
			BuildScriptInfoCaches (68ms)
			ResolveRequiredComponents (2ms)
	FinalizeReload (561ms)
		ReleaseScriptCaches (0ms)
		RebuildScriptCaches (0ms)
		SetupLoadedEditorAssemblies (443ms)
			LogAssemblyErrors (0ms)
			InitializePlatformSupportModulesInManaged (4ms)
			SetLoadedEditorAssemblies (3ms)
			BeforeProcessingInitializeOnLoad (77ms)
			ProcessInitializeOnLoadAttributes (323ms)
			ProcessInitializeOnLoadMethodAttributes (27ms)
			AfterProcessingInitializeOnLoad (9ms)
			EditorAssembliesLoaded (0ms)
		ExecutionOrderSort2 (0ms)
		AwakeInstancesAfterBackupRestoration (8ms)
Refreshing native plugins compatible for Editor in 0.89 ms, found 2 plugins.
Preloading 0 native plugins for Editor in 0.00 ms.
Unloading 5 Unused Serialized files (Serialized files now loaded: 0)
Unloading 1653 unused Assets / (0.8 MB). Loaded Objects now: 2160.
Memory consumption went from 71.5 MB to 70.6 MB.
Total: 6.343100 ms (FindLiveObjects: 0.239300 ms CreateObjectMapping: 0.095100 ms MarkObjects: 5.180700 ms  DeleteObjects: 0.826600 ms)

Prepare: number of updated asset objects reloaded= 11
========================================================================
Received Import Request.
  Time since last request: 55.372575 seconds.
  path: Assets/Materials/Skybox.mat
  artifactKey: Guid(70723def82d3b1f44a902c688249a1d6) Importer(815301076,1909f56bfc062723c751e8b465ee728b)
Start importing Assets/Materials/Skybox.mat using Guid(70723def82d3b1f44a902c688249a1d6) Importer(815301076,1909f56bfc062723c751e8b465ee728b) (PreviewImporter) -> (artifact id: '40249f925cb2a19e6c7f1620e862ad53') in 0.1695319 seconds
Number of updated asset objects reloaded before import = 0Number of asset objects unloaded after import = 1

========================================================================
Received Import Request.
  Time since last request: 1.153756 seconds.
  path: Assets/Materials/BlendTextures
  artifactKey: Guid(562b629dab6b69e44aa01763fd480196) Importer(815301076,1909f56bfc062723c751e8b465ee728b)
Start importing Assets/Materials/BlendTextures using Guid(562b629dab6b69e44aa01763fd480196) Importer(815301076,1909f56bfc062723c751e8b465ee728b) (PreviewImporter) -> (artifact id: '356602de0c5fc1b19eec56781d6f7568') in 0.0006141 seconds
Number of updated asset objects reloaded before import = 0Number of asset objects unloaded after import = 0

========================================================================
Received Import Request.
  Time since last request: 0.046095 seconds.
  path: Assets/Materials/BlendTextures/IterativeParallax.mat
  artifactKey: Guid(5ecb26e0b30ac7c4db93d342aeb4d93b) Importer(815301076,1909f56bfc062723c751e8b465ee728b)
Start importing Assets/Materials/BlendTextures/IterativeParallax.mat using Guid(5ecb26e0b30ac7c4db93d342aeb4d93b) Importer(815301076,1909f56bfc062723c751e8b465ee728b) (PreviewImporter) -> (artifact id: '6a78bcd5eef14f7151ad81682d53fa6a') in 0.4544455 seconds
Number of updated asset objects reloaded before import = 0Number of asset objects unloaded after import = 14

========================================================================
Received Import Request.
  Time since last request: 0.000019 seconds.
  path: Assets/Materials/BlendTextures/POM.mat
  artifactKey: Guid(859c10f132a05d741a86f881477b3f93) Importer(815301076,1909f56bfc062723c751e8b465ee728b)
Start importing Assets/Materials/BlendTextures/POM.mat using Guid(859c10f132a05d741a86f881477b3f93) Importer(815301076,1909f56bfc062723c751e8b465ee728b) (PreviewImporter) -> (artifact id: '86167872f3767a3a9a19e1740920845a') in 0.3721373 seconds
Number of updated asset objects reloaded before import = 0Number of asset objects unloaded after import = 5

========================================================================
Received Import Request.
  Time since last request: 16.713159 seconds.
  path: Assets/TextMesh Pro/Examples & Extras/Resources/Fonts & Materials/Anton SDF.asset
  artifactKey: Guid(8a89fa14b10d46a99122fd4f73fca9a2) Importer(815301076,1909f56bfc062723c751e8b465ee728b)
Start importing Assets/TextMesh Pro/Examples & Extras/Resources/Fonts & Materials/Anton SDF.asset using Guid(8a89fa14b10d46a99122fd4f73fca9a2) Importer(815301076,1909f56bfc062723c751e8b465ee728b) (PreviewImporter) -> (artifact id: 'a42e65c900bbc7ebda3e8c38b1c8ab81') in 0.0699861 seconds
Number of updated asset objects reloaded before import = 0Number of asset objects unloaded after import = 6

========================================================================
Received Import Request.
  Time since last request: 0.000023 seconds.
  path: Assets/Textures/CrackedIce/ci_d.png
  artifactKey: Guid(d2b378f6853aef84ca7ff323bc03cc7d) Importer(815301076,1909f56bfc062723c751e8b465ee728b)
Start importing Assets/Textures/CrackedIce/ci_d.png using Guid(d2b378f6853aef84ca7ff323bc03cc7d) Importer(815301076,1909f56bfc062723c751e8b465ee728b) (PreviewImporter) -> (artifact id: '0ec68f8e9f7457edc03dc96bca7f319a') in 0.0092234 seconds
Number of updated asset objects reloaded before import = 0Number of asset objects unloaded after import = 2

========================================================================
Received Import Request.
  Time since last request: 0.000031 seconds.
  path: Assets/Textures/MedievalStairs_4x4_1K_HRMA.png
  artifactKey: Guid(8b4b2a5eade08a746ad53ccb956df166) Importer(815301076,1909f56bfc062723c751e8b465ee728b)
Start importing Assets/Textures/MedievalStairs_4x4_1K_HRMA.png using Guid(8b4b2a5eade08a746ad53ccb956df166) Importer(815301076,1909f56bfc062723c751e8b465ee728b) (PreviewImporter) -> (artifact id: 'f1b3b36dec7ece09875f81e68d1f6447') in 0.0063731 seconds
Number of updated asset objects reloaded before import = 0Number of asset objects unloaded after import = 2

========================================================================
Received Import Request.
  Time since last request: 0.000020 seconds.
  path: Assets/Textures/Metal_Threadplate2_1K_HRMA.tif
  artifactKey: Guid(faa7fb79ed24a7d4fa5c5277f56e00f0) Importer(815301076,1909f56bfc062723c751e8b465ee728b)
Start importing Assets/Textures/Metal_Threadplate2_1K_HRMA.tif using Guid(faa7fb79ed24a7d4fa5c5277f56e00f0) Importer(815301076,1909f56bfc062723c751e8b465ee728b) (PreviewImporter) -> (artifact id: '6229109f903ca1a2916915dec884fcec') in 0.0074093 seconds
Number of updated asset objects reloaded before import = 0Number of asset objects unloaded after import = 2

========================================================================
Received Import Request.
  Time since last request: 0.000016 seconds.
  path: Assets/Textures/Metal_CorrugatedBare_1K_albedo.tif
  artifactKey: Guid(e5b9a7d9913d96447a29108be61aa0d7) Importer(815301076,1909f56bfc062723c751e8b465ee728b)
Start importing Assets/Textures/Metal_CorrugatedBare_1K_albedo.tif using Guid(e5b9a7d9913d96447a29108be61aa0d7) Importer(815301076,1909f56bfc062723c751e8b465ee728b) (PreviewImporter) -> (artifact id: 'ac9f2511eac67cb468679f653b2be0b7') in 0.0062197 seconds
Number of updated asset objects reloaded before import = 0Number of asset objects unloaded after import = 2

========================================================================
Received Import Request.
  Time since last request: 0.000016 seconds.
  path: Assets/Textures/rock-snow-ice1-2k_unity/rock-snow-ice1-2k_Ambient_Occlusion.png
  artifactKey: Guid(50e6a177f3c29bd46a0228cfc6797b68) Importer(815301076,1909f56bfc062723c751e8b465ee728b)
Start importing Assets/Textures/rock-snow-ice1-2k_unity/rock-snow-ice1-2k_Ambient_Occlusion.png using Guid(50e6a177f3c29bd46a0228cfc6797b68) Importer(815301076,1909f56bfc062723c751e8b465ee728b) (PreviewImporter) -> (artifact id: '958fb3a01571d40b1d5d84b9dc222141') in 0.0101159 seconds
Number of updated asset objects reloaded before import = 0Number of asset objects unloaded after import = 2

========================================================================
Received Import Request.
  Time since last request: 0.000018 seconds.
  path: Assets/Textures/CrackedIce/ci_snow_normal.png
  artifactKey: Guid(c7e82d775a801aa47b9a876512b7e9ef) Importer(815301076,1909f56bfc062723c751e8b465ee728b)
Start importing Assets/Textures/CrackedIce/ci_snow_normal.png using Guid(c7e82d775a801aa47b9a876512b7e9ef) Importer(815301076,1909f56bfc062723c751e8b465ee728b) (PreviewImporter) -> (artifact id: '50b46a3466cbd30ca690588bce1a0ea6') in 0.0177819 seconds
Number of updated asset objects reloaded before import = 0Number of asset objects unloaded after import = 2

========================================================================
Received Import Request.
  Time since last request: 0.000020 seconds.
  path: Assets/Textures/Blends/BlendTest_4Squares.tif
  artifactKey: Guid(2b15b2de457038043a2a6a754d2de0df) Importer(815301076,1909f56bfc062723c751e8b465ee728b)
Start importing Assets/Textures/Blends/BlendTest_4Squares.tif using Guid(2b15b2de457038043a2a6a754d2de0df) Importer(815301076,1909f56bfc062723c751e8b465ee728b) (PreviewImporter) -> (artifact id: '5cd0c01ea49153cb99e67e1ce9ec5655') in 0.0069978 seconds
Number of updated asset objects reloaded before import = 0Number of asset objects unloaded after import = 2

========================================================================
Received Import Request.
  Time since last request: 0.000018 seconds.
  path: Assets/TextMesh Pro/Resources/Fonts & Materials/LiberationSans SDF - Fallback.asset
  artifactKey: Guid(2e498d1c8094910479dc3e1b768306a4) Importer(815301076,1909f56bfc062723c751e8b465ee728b)
Start importing Assets/TextMesh Pro/Resources/Fonts & Materials/LiberationSans SDF - Fallback.asset using Guid(2e498d1c8094910479dc3e1b768306a4) Importer(815301076,1909f56bfc062723c751e8b465ee728b) (PreviewImporter) -> (artifact id: 'efc58b1f15763464401906f9bd7a3c88') in 0.0116688 seconds
Number of updated asset objects reloaded before import = 0Number of asset objects unloaded after import = 6

========================================================================
Received Import Request.
  Time since last request: 0.000024 seconds.
  path: Assets/Textures/Blends/BlendTest_CirclesSmooth.tif
  artifactKey: Guid(b47a551fe7990194d8a23b01c7adf2ea) Importer(815301076,1909f56bfc062723c751e8b465ee728b)
Start importing Assets/Textures/Blends/BlendTest_CirclesSmooth.tif using Guid(b47a551fe7990194d8a23b01c7adf2ea) Importer(815301076,1909f56bfc062723c751e8b465ee728b) (PreviewImporter) -> (artifact id: '1626e1fc2a4803a817c53f0be3cc82eb') in 0.0076213 seconds
Number of updated asset objects reloaded before import = 0Number of asset objects unloaded after import = 2

========================================================================
Received Import Request.
  Time since last request: 0.000016 seconds.
  path: Assets/Textures/CliffLayered_2K_HRMA.png
  artifactKey: Guid(f77f4ebc8f2f9ab4285731359c6c6def) Importer(815301076,1909f56bfc062723c751e8b465ee728b)
Start importing Assets/Textures/CliffLayered_2K_HRMA.png using Guid(f77f4ebc8f2f9ab4285731359c6c6def) Importer(815301076,1909f56bfc062723c751e8b465ee728b) (PreviewImporter) -> (artifact id: '0ea42037d0b9f9727ae5568af5dcf0f0') in 0.0116454 seconds
Number of updated asset objects reloaded before import = 0Number of asset objects unloaded after import = 2

========================================================================
Received Import Request.
  Time since last request: 0.000022 seconds.
  path: Assets/Textures/Blends/BlendTex.png
  artifactKey: Guid(a9d41f090103b774da1248dc4b445395) Importer(815301076,1909f56bfc062723c751e8b465ee728b)
Start importing Assets/Textures/Blends/BlendTex.png using Guid(a9d41f090103b774da1248dc4b445395) Importer(815301076,1909f56bfc062723c751e8b465ee728b) (PreviewImporter) -> (artifact id: '7ae04fae2c1d366003fc11c3176072e8') in 0.0122796 seconds
Number of updated asset objects reloaded before import = 0Number of asset objects unloaded after import = 2

========================================================================
Received Import Request.
  Time since last request: 0.000024 seconds.
  path: Assets/Textures/MedievalStairs_4x4_1K_normal.tif
  artifactKey: Guid(8cf8a3ba29939b643a7624e071a759e8) Importer(815301076,1909f56bfc062723c751e8b465ee728b)
Start importing Assets/Textures/MedievalStairs_4x4_1K_normal.tif using Guid(8cf8a3ba29939b643a7624e071a759e8) Importer(815301076,1909f56bfc062723c751e8b465ee728b) (PreviewImporter) -> (artifact id: 'eca968e0d89875a1392acbc296e0b8eb') in 0.007956 seconds
Number of updated asset objects reloaded before import = 0Number of asset objects unloaded after import = 2

========================================================================
Received Import Request.
  Time since last request: 0.000021 seconds.
  path: Assets/Textures/Metal_Tiles_002/Metal_Tiles_002_HRMA.tif
  artifactKey: Guid(30c1a242c434b5e4ea18de8f743555de) Importer(815301076,1909f56bfc062723c751e8b465ee728b)
Start importing Assets/Textures/Metal_Tiles_002/Metal_Tiles_002_HRMA.tif using Guid(30c1a242c434b5e4ea18de8f743555de) Importer(815301076,1909f56bfc062723c751e8b465ee728b) (PreviewImporter) -> (artifact id: '648a604041ddc68cb0b072e3def18af5') in 0.0057868 seconds
Number of updated asset objects reloaded before import = 0Number of asset objects unloaded after import = 2

========================================================================
Received Import Request.
  Time since last request: 0.000016 seconds.
  path: Assets/Textures/Blends/BlendTex1.png
  artifactKey: Guid(a956588939c41cc4893dc37d73206829) Importer(815301076,1909f56bfc062723c751e8b465ee728b)
Start importing Assets/Textures/Blends/BlendTex1.png using Guid(a956588939c41cc4893dc37d73206829) Importer(815301076,1909f56bfc062723c751e8b465ee728b) (PreviewImporter) -> (artifact id: 'da9a5f23b2f2a3ca25e3adb0e9ef4a9b') in 0.0097957 seconds
Number of updated asset objects reloaded before import = 0Number of asset objects unloaded after import = 2

========================================================================
Received Import Request.
  Time since last request: 0.000019 seconds.
  path: Assets/TextMesh Pro/Examples & Extras/Textures/Floor Tiles 1 - diffuse.jpg
  artifactKey: Guid(85ac55597b97403c82fc6601a93cf241) Importer(815301076,1909f56bfc062723c751e8b465ee728b)
Start importing Assets/TextMesh Pro/Examples & Extras/Textures/Floor Tiles 1 - diffuse.jpg using Guid(85ac55597b97403c82fc6601a93cf241) Importer(815301076,1909f56bfc062723c751e8b465ee728b) (PreviewImporter) -> (artifact id: 'dfbebe40edd10c25acd0fe7c3cc17a1b') in 0.0054506 seconds
Number of updated asset objects reloaded before import = 0Number of asset objects unloaded after import = 2

========================================================================
Received Import Request.
  Time since last request: 0.000028 seconds.
  path: Assets/TextMesh Pro/Resources/Fonts & Materials/LiberationSans SDF.asset
  artifactKey: Guid(8f586378b4e144a9851e7b34d9b748ee) Importer(815301076,1909f56bfc062723c751e8b465ee728b)
Start importing Assets/TextMesh Pro/Resources/Fonts & Materials/LiberationSans SDF.asset using Guid(8f586378b4e144a9851e7b34d9b748ee) Importer(815301076,1909f56bfc062723c751e8b465ee728b) (PreviewImporter) -> (artifact id: 'abcf785ae740797ed962945783287bf7') in 0.0274322 seconds
Number of updated asset objects reloaded before import = 0Number of asset objects unloaded after import = 9

========================================================================
Received Import Request.
  Time since last request: 0.000022 seconds.
  path: Assets/Textures/Blends/BlendTest_RGGradient.tif
  artifactKey: Guid(11768573fe569c749b1c4cf0795efc32) Importer(815301076,1909f56bfc062723c751e8b465ee728b)
Start importing Assets/Textures/Blends/BlendTest_RGGradient.tif using Guid(11768573fe569c749b1c4cf0795efc32) Importer(815301076,1909f56bfc062723c751e8b465ee728b) (PreviewImporter) -> (artifact id: '92e7cd1afb57f0a3dbd7a3d696fcc8ce') in 0.0068552 seconds
Number of updated asset objects reloaded before import = 0Number of asset objects unloaded after import = 2

========================================================================
Received Import Request.
  Time since last request: 0.000021 seconds.
  path: Assets/Textures/MedievalStairs_4x4_1K_height.tif
  artifactKey: Guid(7601d718ffe917c4483ca2ac419bd0ec) Importer(815301076,1909f56bfc062723c751e8b465ee728b)
Start importing Assets/Textures/MedievalStairs_4x4_1K_height.tif using Guid(7601d718ffe917c4483ca2ac419bd0ec) Importer(815301076,1909f56bfc062723c751e8b465ee728b) (PreviewImporter) -> (artifact id: 'ff4b21d86a2af5d80ff8579f45a05294') in 0.0070271 seconds
Number of updated asset objects reloaded before import = 0Number of asset objects unloaded after import = 2

========================================================================
Received Import Request.
  Time since last request: 0.000021 seconds.
  path: Assets/Textures/rock-snow-ice1-2k_unity/rock-snow-ice1-2k_Height.png
  artifactKey: Guid(de2277b1b4feec04f8812494be81a6ca) Importer(815301076,1909f56bfc062723c751e8b465ee728b)
Start importing Assets/Textures/rock-snow-ice1-2k_unity/rock-snow-ice1-2k_Height.png using Guid(de2277b1b4feec04f8812494be81a6ca) Importer(815301076,1909f56bfc062723c751e8b465ee728b) (PreviewImporter) -> (artifact id: 'c463100b7809ebb1b3960540df57b118') in 0.0080939 seconds
Number of updated asset objects reloaded before import = 0Number of asset objects unloaded after import = 2

========================================================================
Received Import Request.
  Time since last request: 0.000020 seconds.
  path: Assets/Textures/Metal_Tiles_002/Metal_Tiles_002_basecolor.jpg
  artifactKey: Guid(1f3aa2bccec22f9448c44853009997f6) Importer(815301076,1909f56bfc062723c751e8b465ee728b)
Start importing Assets/Textures/Metal_Tiles_002/Metal_Tiles_002_basecolor.jpg using Guid(1f3aa2bccec22f9448c44853009997f6) Importer(815301076,1909f56bfc062723c751e8b465ee728b) (PreviewImporter) -> (artifact id: 'ad0482283f5c6c27a5b28eb42232daff') in 0.0063376 seconds
Number of updated asset objects reloaded before import = 0Number of asset objects unloaded after import = 2

========================================================================
Received Import Request.
  Time since last request: 0.000020 seconds.
  path: Assets/Textures/CrackedIce/ci_mask_i.png
  artifactKey: Guid(7ca528c44d5b271439c05c46ca337a3b) Importer(815301076,1909f56bfc062723c751e8b465ee728b)
Start importing Assets/Textures/CrackedIce/ci_mask_i.png using Guid(7ca528c44d5b271439c05c46ca337a3b) Importer(815301076,1909f56bfc062723c751e8b465ee728b) (PreviewImporter) -> (artifact id: '3122bdc3e340cd9b78de65f0ab21ff51') in 0.0085099 seconds
Number of updated asset objects reloaded before import = 0Number of asset objects unloaded after import = 2

========================================================================
Received Import Request.
  Time since last request: 0.000025 seconds.
  path: Assets/Textures/Pavement_CobblestoneOld_1K_height.tif
  artifactKey: Guid(fa135c012dfd9024583099b227ef4cc9) Importer(815301076,1909f56bfc062723c751e8b465ee728b)
Start importing Assets/Textures/Pavement_CobblestoneOld_1K_height.tif using Guid(fa135c012dfd9024583099b227ef4cc9) Importer(815301076,1909f56bfc062723c751e8b465ee728b) (PreviewImporter) -> (artifact id: '51793d146e704b425a856abe596c72a4') in 0.0064873 seconds
Number of updated asset objects reloaded before import = 0Number of asset objects unloaded after import = 2

========================================================================
Received Import Request.
  Time since last request: 0.000026 seconds.
  path: Assets/Textures/CliffLayered_2K_albedo.tif
  artifactKey: Guid(640274f0833221c40bbafd3e1d499f06) Importer(815301076,1909f56bfc062723c751e8b465ee728b)
Start importing Assets/Textures/CliffLayered_2K_albedo.tif using Guid(640274f0833221c40bbafd3e1d499f06) Importer(815301076,1909f56bfc062723c751e8b465ee728b) (PreviewImporter) -> (artifact id: '9e6a20d067e804158f39f3d326be697d') in 0.0097769 seconds
Number of updated asset objects reloaded before import = 0Number of asset objects unloaded after import = 2

========================================================================
Received Import Request.
  Time since last request: 0.000016 seconds.
  path: Assets/TextMesh Pro/Examples & Extras/Textures/Mask Zig-n-Zag.psd
  artifactKey: Guid(bb8dfcd263ad4eb383a33d74a720be6f) Importer(815301076,1909f56bfc062723c751e8b465ee728b)
Start importing Assets/TextMesh Pro/Examples & Extras/Textures/Mask Zig-n-Zag.psd using Guid(bb8dfcd263ad4eb383a33d74a720be6f) Importer(815301076,1909f56bfc062723c751e8b465ee728b) (PreviewImporter) -> (artifact id: '7ab7507e1af43c30c61488acb2e16f85') in 0.0061493 seconds
Number of updated asset objects reloaded before import = 0Number of asset objects unloaded after import = 2

========================================================================
Received Import Request.
  Time since last request: 0.000023 seconds.
  path: Assets/TextMesh Pro/Examples & Extras/Resources/Fonts & Materials/Electronic Highway Sign SDF.asset
  artifactKey: Guid(dc36b3fdc14f47ebb36fd484a67e268a) Importer(815301076,1909f56bfc062723c751e8b465ee728b)
Start importing Assets/TextMesh Pro/Examples & Extras/Resources/Fonts & Materials/Electronic Highway Sign SDF.asset using Guid(dc36b3fdc14f47ebb36fd484a67e268a) Importer(815301076,1909f56bfc062723c751e8b465ee728b) (PreviewImporter) -> (artifact id: 'd00e0ffaa1817d814d504f0c09ab33f4') in 0.011879 seconds
Number of updated asset objects reloaded before import = 0Number of asset objects unloaded after import = 6

========================================================================
Received Import Request.
  Time since last request: 0.000016 seconds.
  path: Assets/Textures/Blends/BlendTest_CirclesHard.tif
  artifactKey: Guid(ae29655dba419904ab718b6ece3aa67c) Importer(815301076,1909f56bfc062723c751e8b465ee728b)
Start importing Assets/Textures/Blends/BlendTest_CirclesHard.tif using Guid(ae29655dba419904ab718b6ece3aa67c) Importer(815301076,1909f56bfc062723c751e8b465ee728b) (PreviewImporter) -> (artifact id: '120ddf5b9a9ed3ff9860929ba50f778f') in 0.0076204 seconds
Number of updated asset objects reloaded before import = 0Number of asset objects unloaded after import = 2

========================================================================
Received Import Request.
  Time since last request: 0.000025 seconds.
  path: Assets/TextMesh Pro/Examples & Extras/Fonts/Unity.ttf
  artifactKey: Guid(f4eec857a4fdf2f43be0e9f3d1a984e7) Importer(815301076,1909f56bfc062723c751e8b465ee728b)
Start importing Assets/TextMesh Pro/Examples & Extras/Fonts/Unity.ttf using Guid(f4eec857a4fdf2f43be0e9f3d1a984e7) Importer(815301076,1909f56bfc062723c751e8b465ee728b) (PreviewImporter) -> (artifact id: '0283a8f50f936524bf6090185d25ed18') in 0.0098091 seconds
Number of updated asset objects reloaded before import = 0Number of asset objects unloaded after import = 4

========================================================================
Received Import Request.
  Time since last request: 0.000020 seconds.
  path: Assets/Textures/CrackedIce/ci_roughness.png
  artifactKey: Guid(a7b7e665cd5027448b65d6a8f7cd72d6) Importer(815301076,1909f56bfc062723c751e8b465ee728b)
Start importing Assets/Textures/CrackedIce/ci_roughness.png using Guid(a7b7e665cd5027448b65d6a8f7cd72d6) Importer(815301076,1909f56bfc062723c751e8b465ee728b) (PreviewImporter) -> (artifact id: 'a854d707b4dce1dd87c831dee6c14789') in 0.0096866 seconds
Number of updated asset objects reloaded before import = 0Number of asset objects unloaded after import = 2

========================================================================
Received Import Request.
  Time since last request: 0.000021 seconds.
  path: Assets/Textures/Metal_Corrugated3_1K_albedo.tif
  artifactKey: Guid(35baa8fd0bbf256408ac0304a0747e4c) Importer(815301076,1909f56bfc062723c751e8b465ee728b)
Start importing Assets/Textures/Metal_Corrugated3_1K_albedo.tif using Guid(35baa8fd0bbf256408ac0304a0747e4c) Importer(815301076,1909f56bfc062723c751e8b465ee728b) (PreviewImporter) -> (artifact id: '32663eb7bb620727ebdd1156dd0d37fd') in 0.0086941 seconds
Number of updated asset objects reloaded before import = 0Number of asset objects unloaded after import = 2

========================================================================
Received Import Request.
  Time since last request: 0.000023 seconds.
  path: Assets/TextMesh Pro/Examples & Extras/Textures/Gradient Horizontal (Color).jpg
  artifactKey: Guid(6eb184de103d4b3f812b38561065192f) Importer(815301076,1909f56bfc062723c751e8b465ee728b)
Start importing Assets/TextMesh Pro/Examples & Extras/Textures/Gradient Horizontal (Color).jpg using Guid(6eb184de103d4b3f812b38561065192f) Importer(815301076,1909f56bfc062723c751e8b465ee728b) (PreviewImporter) -> (artifact id: '8511b921f6b648d8634b113fadaac75a') in 0.0073058 seconds
Number of updated asset objects reloaded before import = 0Number of asset objects unloaded after import = 2

========================================================================
Received Import Request.
  Time since last request: 0.000018 seconds.
  path: Assets/TextMesh Pro/Examples & Extras/Textures/Gradient Diagonal (Color).jpg
  artifactKey: Guid(2ce5c55e85304b819a1826ecbc839aa5) Importer(815301076,1909f56bfc062723c751e8b465ee728b)
Start importing Assets/TextMesh Pro/Examples & Extras/Textures/Gradient Diagonal (Color).jpg using Guid(2ce5c55e85304b819a1826ecbc839aa5) Importer(815301076,1909f56bfc062723c751e8b465ee728b) (PreviewImporter) -> (artifact id: '9f770ecfd41f6bb80a617e1c366f514c') in 0.0048699 seconds
Number of updated asset objects reloaded before import = 0Number of asset objects unloaded after import = 2

========================================================================
Received Import Request.
  Time since last request: 0.000024 seconds.
  path: Assets/Textures/Metal_CorrugatedBare_1K_normal.tif
  artifactKey: Guid(20693b99fd48afe4f8b62e9349931240) Importer(815301076,1909f56bfc062723c751e8b465ee728b)
Start importing Assets/Textures/Metal_CorrugatedBare_1K_normal.tif using Guid(20693b99fd48afe4f8b62e9349931240) Importer(815301076,1909f56bfc062723c751e8b465ee728b) (PreviewImporter) -> (artifact id: 'e1a0f4d465e3510214800bafcea5272c') in 0.0116041 seconds
Number of updated asset objects reloaded before import = 0Number of asset objects unloaded after import = 2

========================================================================
Received Import Request.
  Time since last request: 0.000035 seconds.
  path: Assets/Textures/CrackedIce/ci_snow.png
  artifactKey: Guid(37266a9800d2aa84eaa6c26e996b8cc0) Importer(815301076,1909f56bfc062723c751e8b465ee728b)
Start importing Assets/Textures/CrackedIce/ci_snow.png using Guid(37266a9800d2aa84eaa6c26e996b8cc0) Importer(815301076,1909f56bfc062723c751e8b465ee728b) (PreviewImporter) -> (artifact id: 'c106238b15a245ea4fc256b513e71ae2') in 0.0254178 seconds
Number of updated asset objects reloaded before import = 0Number of asset objects unloaded after import = 2

========================================================================
Received Import Request.
  Time since last request: 0.000029 seconds.
  path: Assets/TextMesh Pro/Examples & Extras/Sprites/DropCap Numbers.psd
  artifactKey: Guid(fd09957580ac4326916010f1f260975b) Importer(815301076,1909f56bfc062723c751e8b465ee728b)
Start importing Assets/TextMesh Pro/Examples & Extras/Sprites/DropCap Numbers.psd using Guid(fd09957580ac4326916010f1f260975b) Importer(815301076,1909f56bfc062723c751e8b465ee728b) (PreviewImporter) -> (artifact id: '4e0052f03ae67c18fe7425b6a07c4ef0') in 0.0108081 seconds
Number of updated asset objects reloaded before import = 0Number of asset objects unloaded after import = 2

========================================================================
Received Import Request.
  Time since last request: 0.000031 seconds.
  path: Assets/Textures/Blends/BlendTex2.png
  artifactKey: Guid(46e2550c402363d428d7183e24e32f45) Importer(815301076,1909f56bfc062723c751e8b465ee728b)
Start importing Assets/Textures/Blends/BlendTex2.png using Guid(46e2550c402363d428d7183e24e32f45) Importer(815301076,1909f56bfc062723c751e8b465ee728b) (PreviewImporter) -> (artifact id: '02576910d5744f9a6038d933349c52ad') in 0.0153702 seconds
Number of updated asset objects reloaded before import = 0Number of asset objects unloaded after import = 2

========================================================================
Received Import Request.
  Time since last request: 0.000040 seconds.
  path: Assets/Textures/Pavement_CobblestoneOld_1K_albedo.tif
  artifactKey: Guid(1a1bd261fba0f8f4d9438530f0c10c99) Importer(815301076,1909f56bfc062723c751e8b465ee728b)
Start importing Assets/Textures/Pavement_CobblestoneOld_1K_albedo.tif using Guid(1a1bd261fba0f8f4d9438530f0c10c99) Importer(815301076,1909f56bfc062723c751e8b465ee728b) (PreviewImporter) -> (artifact id: 'e4677a36774bb792ffe325e01e04fd45') in 0.0105511 seconds
Number of updated asset objects reloaded before import = 0Number of asset objects unloaded after import = 2

========================================================================
Received Import Request.
  Time since last request: 0.000027 seconds.
  path: Assets/Textures/CrackedIce/ci_normal.png
  artifactKey: Guid(18974a9372dbeda408900129e04fef53) Importer(815301076,1909f56bfc062723c751e8b465ee728b)
Start importing Assets/Textures/CrackedIce/ci_normal.png using Guid(18974a9372dbeda408900129e04fef53) Importer(815301076,1909f56bfc062723c751e8b465ee728b) (PreviewImporter) -> (artifact id: '0e0ef13949a498f9079067297fd808f2') in 0.0160256 seconds
Number of updated asset objects reloaded before import = 0Number of asset objects unloaded after import = 2

========================================================================
Received Import Request.
  Time since last request: 0.000024 seconds.
  path: Assets/Textures/Metal_Tiles_002/Metal_Tiles_002_normal.jpg
  artifactKey: Guid(890a68e7cb39013438f9c95aa7518ca4) Importer(815301076,1909f56bfc062723c751e8b465ee728b)
Start importing Assets/Textures/Metal_Tiles_002/Metal_Tiles_002_normal.jpg using Guid(890a68e7cb39013438f9c95aa7518ca4) Importer(815301076,1909f56bfc062723c751e8b465ee728b) (PreviewImporter) -> (artifact id: '0fc950b05dcef834a44a7f2930897dd8') in 0.0076377 seconds
Number of updated asset objects reloaded before import = 0Number of asset objects unloaded after import = 2

========================================================================
Received Import Request.
  Time since last request: 0.000024 seconds.
  path: Assets/Textures/Pavement_CobblestoneOld_1K_roughness.tif
  artifactKey: Guid(8ea7877af0b47b248a4df9874c11e098) Importer(815301076,1909f56bfc062723c751e8b465ee728b)
Start importing Assets/Textures/Pavement_CobblestoneOld_1K_roughness.tif using Guid(8ea7877af0b47b248a4df9874c11e098) Importer(815301076,1909f56bfc062723c751e8b465ee728b) (PreviewImporter) -> (artifact id: '830ad72e480bc7d2a0c37466517a42e3') in 0.0075817 seconds
Number of updated asset objects reloaded before import = 0Number of asset objects unloaded after import = 2

========================================================================
Received Import Request.
  Time since last request: 0.000026 seconds.
  path: Assets/Textures/MedievalStairs_4x4_1K_albedo.tif
  artifactKey: Guid(a756d7afe897fdd4282c705bf8fea268) Importer(815301076,1909f56bfc062723c751e8b465ee728b)
Start importing Assets/Textures/MedievalStairs_4x4_1K_albedo.tif using Guid(a756d7afe897fdd4282c705bf8fea268) Importer(815301076,1909f56bfc062723c751e8b465ee728b) (PreviewImporter) -> (artifact id: '48ad795a1457596d14c73e1577eb7dde') in 0.0085671 seconds
Number of updated asset objects reloaded before import = 0Number of asset objects unloaded after import = 2

========================================================================
Received Import Request.
  Time since last request: 0.000027 seconds.
  path: Assets/Textures/Brick_StoneGeometric_1K_normal.tif
  artifactKey: Guid(fe113e86a2b4a7c47a1b955202a3d91b) Importer(815301076,1909f56bfc062723c751e8b465ee728b)
Start importing Assets/Textures/Brick_StoneGeometric_1K_normal.tif using Guid(fe113e86a2b4a7c47a1b955202a3d91b) Importer(815301076,1909f56bfc062723c751e8b465ee728b) (PreviewImporter) -> (artifact id: '571f637ae499376a315db724380f10ff') in 0.0091718 seconds
Number of updated asset objects reloaded before import = 0Number of asset objects unloaded after import = 2

========================================================================
Received Import Request.
  Time since last request: 0.000036 seconds.
  path: Assets/Textures/Pavement_CobblestoneOld_1K_ao.tif
  artifactKey: Guid(533c6fdba81e088469ac6e959d473ef5) Importer(815301076,1909f56bfc062723c751e8b465ee728b)
Start importing Assets/Textures/Pavement_CobblestoneOld_1K_ao.tif using Guid(533c6fdba81e088469ac6e959d473ef5) Importer(815301076,1909f56bfc062723c751e8b465ee728b) (PreviewImporter) -> (artifact id: '111a94b11e5eeaad5d416d3237dc3ec8') in 0.0083742 seconds
Number of updated asset objects reloaded before import = 0Number of asset objects unloaded after import = 2

========================================================================
Received Import Request.
  Time since last request: 0.000031 seconds.
  path: Assets/BlendPaint/Brushes/Textures/Circle_Soft.png
  artifactKey: Guid(c0376398b52c9d44481a12f92751b8ca) Importer(815301076,1909f56bfc062723c751e8b465ee728b)
Start importing Assets/BlendPaint/Brushes/Textures/Circle_Soft.png using Guid(c0376398b52c9d44481a12f92751b8ca) Importer(815301076,1909f56bfc062723c751e8b465ee728b) (PreviewImporter) -> (artifact id: 'ba0419ea227ccdd97edcddef8bf36d4a') in 0.0289783 seconds
Number of updated asset objects reloaded before import = 0Number of asset objects unloaded after import = 3

========================================================================
Received Import Request.
  Time since last request: 0.000019 seconds.
  path: Assets/TextMesh Pro/Examples & Extras/Textures/Floor Cement.jpg
  artifactKey: Guid(283f897e4925411ebbaa758b4cb13fc2) Importer(815301076,1909f56bfc062723c751e8b465ee728b)
Start importing Assets/TextMesh Pro/Examples & Extras/Textures/Floor Cement.jpg using Guid(283f897e4925411ebbaa758b4cb13fc2) Importer(815301076,1909f56bfc062723c751e8b465ee728b) (PreviewImporter) -> (artifact id: 'bdc9b32ab162736733dfc063c312f8a3') in 0.0066235 seconds
Number of updated asset objects reloaded before import = 0Number of asset objects unloaded after import = 2

========================================================================
Received Import Request.
  Time since last request: 24.251097 seconds.
  path: Assets/Textures/rock-snow-ice1-2k_unity/rock-snow-ice1-2k_Normal-ogl.png
  artifactKey: Guid(749648d311653de41862dd0b25be5a34) Importer(815301076,1909f56bfc062723c751e8b465ee728b)
Start importing Assets/Textures/rock-snow-ice1-2k_unity/rock-snow-ice1-2k_Normal-ogl.png using Guid(749648d311653de41862dd0b25be5a34) Importer(815301076,1909f56bfc062723c751e8b465ee728b) (PreviewImporter) -> (artifact id: '119f0531d70340299c8f43d6fa92e0be') in 0.0312501 seconds
Number of updated asset objects reloaded before import = 0Number of asset objects unloaded after import = 2

========================================================================
Received Import Request.
  Time since last request: 0.000037 seconds.
  path: Assets/Textures/Roofing_RoundOld_1K_normal.png
  artifactKey: Guid(8eeba007c9582d14fa5a57e78ee4d2cf) Importer(815301076,1909f56bfc062723c751e8b465ee728b)
Start importing Assets/Textures/Roofing_RoundOld_1K_normal.png using Guid(8eeba007c9582d14fa5a57e78ee4d2cf) Importer(815301076,1909f56bfc062723c751e8b465ee728b) (PreviewImporter) -> (artifact id: 'a4c6a49180d774073c107fcfc24d25a5') in 0.0119471 seconds
Number of updated asset objects reloaded before import = 0Number of asset objects unloaded after import = 2

========================================================================
Received Import Request.
  Time since last request: 0.000029 seconds.
  path: Assets/Textures/Roofing_RoundOld_1K_albedo.png
  artifactKey: Guid(19bbb0864df5b7f42a4404f54e29fe7e) Importer(815301076,1909f56bfc062723c751e8b465ee728b)
Start importing Assets/Textures/Roofing_RoundOld_1K_albedo.png using Guid(19bbb0864df5b7f42a4404f54e29fe7e) Importer(815301076,1909f56bfc062723c751e8b465ee728b) (PreviewImporter) -> (artifact id: '32e980db21f4e11231ca9d7e41b92cc8') in 0.0374047 seconds
Number of updated asset objects reloaded before import = 0Number of asset objects unloaded after import = 2

========================================================================
Received Import Request.
  Time since last request: 0.000023 seconds.
  path: Assets/Textures/Roofing_RoundOld_1K_HRMA.png
  artifactKey: Guid(2e9e3bfaa1ca859409dcf0eb78970009) Importer(815301076,1909f56bfc062723c751e8b465ee728b)
Start importing Assets/Textures/Roofing_RoundOld_1K_HRMA.png using Guid(2e9e3bfaa1ca859409dcf0eb78970009) Importer(815301076,1909f56bfc062723c751e8b465ee728b) (PreviewImporter) -> (artifact id: '339a4cdfc3d49d0233a4a5a977014c50') in 0.0390974 seconds
Number of updated asset objects reloaded before import = 0Number of asset objects unloaded after import = 2

========================================================================
Received Import Request.
  Time since last request: 0.387147 seconds.
  path: Assets/Textures/Roofing_WoodPlanks2_1K_normal.png
  artifactKey: Guid(3e99512125a82394e982fee6a0d93d96) Importer(815301076,1909f56bfc062723c751e8b465ee728b)
Start importing Assets/Textures/Roofing_WoodPlanks2_1K_normal.png using Guid(3e99512125a82394e982fee6a0d93d96) Importer(815301076,1909f56bfc062723c751e8b465ee728b) (PreviewImporter) -> (artifact id: 'e679de1e6d18916e80477ff328588c52') in 0.0080574 seconds
Number of updated asset objects reloaded before import = 0Number of asset objects unloaded after import = 2

========================================================================
Received Import Request.
  Time since last request: 0.000022 seconds.
  path: Assets/Textures/Blends/Sphere.png
  artifactKey: Guid(77a9d9b63704438438ac97b44b0f79a9) Importer(815301076,1909f56bfc062723c751e8b465ee728b)
Start importing Assets/Textures/Blends/Sphere.png using Guid(77a9d9b63704438438ac97b44b0f79a9) Importer(815301076,1909f56bfc062723c751e8b465ee728b) (PreviewImporter) -> (artifact id: 'f292754e7652f81993cc9d62da98fa41') in 0.0104875 seconds
Number of updated asset objects reloaded before import = 0Number of asset objects unloaded after import = 2

========================================================================
Received Import Request.
  Time since last request: 0.000018 seconds.
  path: Assets/Textures/Snow_Windy_1K_HRMA.tif
  artifactKey: Guid(a9283695281673e4f9144f25fe49ee9d) Importer(815301076,1909f56bfc062723c751e8b465ee728b)
Start importing Assets/Textures/Snow_Windy_1K_HRMA.tif using Guid(a9283695281673e4f9144f25fe49ee9d) Importer(815301076,1909f56bfc062723c751e8b465ee728b) (PreviewImporter) -> (artifact id: 'cda0023c1cef217a8fc2a184aa446275') in 0.0070906 seconds
Number of updated asset objects reloaded before import = 0Number of asset objects unloaded after import = 2

========================================================================
Received Import Request.
  Time since last request: 0.000021 seconds.
  path: Assets/TextMesh Pro/Examples & Extras/Textures/Text Overflow - Linked Text Image 1.png
  artifactKey: Guid(4ccf43d26c4748c792174516f4a8fcef) Importer(815301076,1909f56bfc062723c751e8b465ee728b)
Start importing Assets/TextMesh Pro/Examples & Extras/Textures/Text Overflow - Linked Text Image 1.png using Guid(4ccf43d26c4748c792174516f4a8fcef) Importer(815301076,1909f56bfc062723c751e8b465ee728b) (PreviewImporter) -> (artifact id: '8733b65e5b5efe2bae015eef3bfda9b1') in 0.0050576 seconds
Number of updated asset objects reloaded before import = 0Number of asset objects unloaded after import = 2

========================================================================
Received Import Request.
  Time since last request: 0.000017 seconds.
  path: Assets/Textures/TexturesCom_Pavement_RomanRoad_1K_height.tif
  artifactKey: Guid(9714d96fc929ead41a72c574d3bb3874) Importer(815301076,1909f56bfc062723c751e8b465ee728b)
Start importing Assets/Textures/TexturesCom_Pavement_RomanRoad_1K_height.tif using Guid(9714d96fc929ead41a72c574d3bb3874) Importer(815301076,1909f56bfc062723c751e8b465ee728b) (PreviewImporter) -> (artifact id: '9cbef0ce928ef4aff2bc76f8a09072a4') in 0.0080458 seconds
Number of updated asset objects reloaded before import = 0Number of asset objects unloaded after import = 2

========================================================================
Received Import Request.
  Time since last request: 0.000019 seconds.
  path: Assets/Textures/Nature_Moss2/TexturesCom_Nature_Moss2_1K_height.tif
  artifactKey: Guid(1013d086440f7dd409e98dd5aee23f7b) Importer(815301076,1909f56bfc062723c751e8b465ee728b)
Start importing Assets/Textures/Nature_Moss2/TexturesCom_Nature_Moss2_1K_height.tif using Guid(1013d086440f7dd409e98dd5aee23f7b) Importer(815301076,1909f56bfc062723c751e8b465ee728b) (PreviewImporter) -> (artifact id: '339ced3ec626fc428362a048ab85f480') in 0.0071748 seconds
Number of updated asset objects reloaded before import = 0Number of asset objects unloaded after import = 2

========================================================================
Received Import Request.
  Time since last request: 0.000033 seconds.
  path: Assets/TextMesh Pro/Examples & Extras/Textures/Text Overflow - Linked Text UI Screenshot.png
  artifactKey: Guid(c76d18757a194d618355f05f815cb0a1) Importer(815301076,1909f56bfc062723c751e8b465ee728b)
Start importing Assets/TextMesh Pro/Examples & Extras/Textures/Text Overflow - Linked Text UI Screenshot.png using Guid(c76d18757a194d618355f05f815cb0a1) Importer(815301076,1909f56bfc062723c751e8b465ee728b) (PreviewImporter) -> (artifact id: '7f030841c86514ae4e6b56457043ab90') in 0.0129428 seconds
Number of updated asset objects reloaded before import = 0Number of asset objects unloaded after import = 2

========================================================================
Received Import Request.
  Time since last request: 9.133175 seconds.
  path: Assets/Textures/TexturesCom_Pavement_RomanRoad_1K_roughness.tif
  artifactKey: Guid(7daa4c1f9d2a47f40b12a7fed41dd69e) Importer(815301076,1909f56bfc062723c751e8b465ee728b)
Start importing Assets/Textures/TexturesCom_Pavement_RomanRoad_1K_roughness.tif using Guid(7daa4c1f9d2a47f40b12a7fed41dd69e) Importer(815301076,1909f56bfc062723c751e8b465ee728b) (PreviewImporter) -> (artifact id: '3706f0552ea4f47d251eed51959d9043') in 0.0084499 seconds
Number of updated asset objects reloaded before import = 0Number of asset objects unloaded after import = 2

========================================================================
Received Import Request.
  Time since last request: 0.000026 seconds.
  path: Assets/TextMesh Pro/Examples & Extras/Textures/Wipe Pattern - Diagonal.psd
  artifactKey: Guid(ed5290d8df18488780e2996b9b882f01) Importer(815301076,1909f56bfc062723c751e8b465ee728b)
Start importing Assets/TextMesh Pro/Examples & Extras/Textures/Wipe Pattern - Diagonal.psd using Guid(ed5290d8df18488780e2996b9b882f01) Importer(815301076,1909f56bfc062723c751e8b465ee728b) (PreviewImporter) -> (artifact id: '22077b9cadc3037f0bb5f8ba5ac2348d') in 0.007636 seconds
Number of updated asset objects reloaded before import = 0Number of asset objects unloaded after import = 2

========================================================================
Received Import Request.
  Time since last request: 0.000056 seconds.
  path: Assets/TextMesh Pro/Examples & Extras/Textures/Wipe Pattern - Radial Double.psd
  artifactKey: Guid(7631f4eff8f74ed38eb3eb9db17134e1) Importer(815301076,1909f56bfc062723c751e8b465ee728b)
Start importing Assets/TextMesh Pro/Examples & Extras/Textures/Wipe Pattern - Radial Double.psd using Guid(7631f4eff8f74ed38eb3eb9db17134e1) Importer(815301076,1909f56bfc062723c751e8b465ee728b) (PreviewImporter) -> (artifact id: '038e01bf3b3ff80a177cef2c7c62c034') in 0.0222729 seconds
Number of updated asset objects reloaded before import = 0Number of asset objects unloaded after import = 2

Editor requested this worker to shutdown with reason: Scaling down because of idle timeout
AssetImportWorker is now disconnected from the server
Process exiting
Exiting without the bug reporter. Application will terminate with return code 0