Using pre-set license
Built from '6000.0/staging' branch; Version is '6000.0.34f1 (5ab2d9ed9190) revision 5944025'; Using compiler version '193933523'; Build Type 'Release'
OS: 'Windows 10  (10.0.19045) 64bit Core' Language: 'en' Physical Memory: 15734 MB
BatchMode: 1, IsHumanControllingUs: 0, StartBugReporterOnCrash: 0, Is64bit: 1, IsPro: 1

COMMAND LINE ARGUMENTS:
C:\Program Files\Unity\Hub\Editor\6000.0.34f1\Editor\Unity.exe
-adb2
-batchMode
-noUpm
-name
AssetImportWorker2
-projectPath
C:/Users/Chris/Unity Projects/texture-blend-with-parallax-mapping
-logFile
Logs/AssetImportWorker2.log
-srvPort
55148
-job-worker-count
7
-background-job-worker-count
8
-gc-helper-count
1
Successfully changed project path to: C:/Users/Chris/Unity Projects/texture-blend-with-parallax-mapping
C:/Users/Chris/Unity Projects/texture-blend-with-parallax-mapping
[UnityMemory] Configuration Parameters - Can be set up in boot.config
    "memorysetup-bucket-allocator-granularity=16"
    "memorysetup-bucket-allocator-bucket-count=8"
    "memorysetup-bucket-allocator-block-size=33554432"
    "memorysetup-bucket-allocator-block-count=8"
    "memorysetup-main-allocator-block-size=16777216"
    "memorysetup-thread-allocator-block-size=16777216"
    "memorysetup-gfx-main-allocator-block-size=16777216"
    "memorysetup-gfx-thread-allocator-block-size=16777216"
    "memorysetup-cache-allocator-block-size=4194304"
    "memorysetup-typetree-allocator-block-size=2097152"
    "memorysetup-profiler-bucket-allocator-granularity=16"
    "memorysetup-profiler-bucket-allocator-bucket-count=8"
    "memorysetup-profiler-bucket-allocator-block-size=33554432"
    "memorysetup-profiler-bucket-allocator-block-count=8"
    "memorysetup-profiler-allocator-block-size=16777216"
    "memorysetup-profiler-editor-allocator-block-size=1048576"
    "memorysetup-temp-allocator-size-main=16777216"
    "memorysetup-job-temp-allocator-block-size=2097152"
    "memorysetup-job-temp-allocator-block-size-background=1048576"
    "memorysetup-job-temp-allocator-reduction-small-platforms=262144"
    "memorysetup-allocator-temp-initial-block-size-main=262144"
    "memorysetup-allocator-temp-initial-block-size-worker=262144"
    "memorysetup-temp-allocator-size-background-worker=32768"
    "memorysetup-temp-allocator-size-job-worker=262144"
    "memorysetup-temp-allocator-size-preload-manager=33554432"
    "memorysetup-temp-allocator-size-nav-mesh-worker=65536"
    "memorysetup-temp-allocator-size-audio-worker=65536"
    "memorysetup-temp-allocator-size-cloud-worker=32768"
    "memorysetup-temp-allocator-size-gi-baking-worker=262144"
    "memorysetup-temp-allocator-size-gi-baking-worker=262144"
    "memorysetup-temp-allocator-size-gi-baking-worker=262144"
    "memorysetup-temp-allocator-size-gi-baking-worker=262144"
    "memorysetup-temp-allocator-size-gi-baking-worker=262144"
    "memorysetup-temp-allocator-size-gfx=262144"
Player connection [22988]  Target information:

Player connection [22988]  * "[IP] 192.168.0.26 [Port] 0 [Flags] 2 [Guid] 4251471446 [EditorId] 4251471446 [Version] 1048832 [Id] WindowsEditor(7,LAPTOP-CCSOUTHC) [Debug] 1 [PackageName] WindowsEditor [ProjectName] Editor" 

Player connection [22988] Host joined multi-casting on [225.0.0.222:54997]...
Player connection [22988] Host joined alternative multi-casting on [225.0.0.222:34997]...
JobSystem: Creating JobQueue using job-worker-count value 7
Input System module state changed to: Initialized.
[Physics::Module] Initialized fallback backend.
[Physics::Module] Id: 0xdecafbad
Library Redirect Path: Library/
[Physics::Module] Selected backend.
[Physics::Module] Name: PhysX
[Physics::Module] Id: 0xf2b8ea05
[Physics::Module] SDK Version: 4.1.2
[Physics::Module] Integration Version: 1.0.0
[Physics::Module] Threading Mode: Multi-Threaded
Refreshing native plugins compatible for Editor in 1.29 ms, found 2 plugins.
Preloading 0 native plugins for Editor in 0.00 ms.
Initialize engine version: 6000.0.34f1 (5ab2d9ed9190)
[Subsystems] Discovering subsystems at path C:/Program Files/Unity/Hub/Editor/6000.0.34f1/Editor/Data/Resources/UnitySubsystems
[Subsystems] Discovering subsystems at path C:/Users/Chris/Unity Projects/texture-blend-with-parallax-mapping/Assets
GfxDevice: creating device client; kGfxThreadingModeNonThreaded
Direct3D:
    Version:  Direct3D 11.0 [level 11.1]
    Renderer: NVIDIA GeForce RTX 3060 Laptop GPU (ID=0x2560)
    Vendor:   NVIDIA
    VRAM:     6009 MB
    Driver:   31.0.15.3734
Initialize mono
Mono path[0] = 'C:/Program Files/Unity/Hub/Editor/6000.0.34f1/Editor/Data/Managed'
Mono path[1] = 'C:/Program Files/Unity/Hub/Editor/6000.0.34f1/Editor/Data/MonoBleedingEdge/lib/mono/unityjit-win32'
Mono config path = 'C:/Program Files/Unity/Hub/Editor/6000.0.34f1/Editor/Data/MonoBleedingEdge/etc'
Using monoOptions --debugger-agent=transport=dt_socket,embedding=1,server=y,suspend=n,address=127.0.0.1:56216
Begin MonoManager ReloadAssembly
Registering precompiled unity dll's ...
Register platform support module: C:/Program Files/Unity/Hub/Editor/6000.0.34f1/Editor/Data/PlaybackEngines/WebGLSupport/UnityEditor.WebGL.Extensions.dll
Register platform support module: C:/Program Files/Unity/Hub/Editor/6000.0.34f1/Editor/Data/PlaybackEngines/WindowsStandaloneSupport/UnityEditor.WindowsStandalone.Extensions.dll
Registered in 0.005717 seconds.
- Loaded All Assemblies, in  0.427 seconds
Native extension for WindowsStandalone target not found
Native extension for WebGL target not found
Mono: successfully reloaded assembly
- Finished resetting the current domain, in  0.345 seconds
Domain Reload Profiling: 766ms
	BeginReloadAssembly (148ms)
		ExecutionOrderSort (0ms)
		DisableScriptedObjects (0ms)
		BackupInstance (0ms)
		ReleaseScriptingObjects (0ms)
		CreateAndSetChildDomain (1ms)
	RebuildCommonClasses (48ms)
	RebuildNativeTypeToScriptingClass (13ms)
	initialDomainReloadingComplete (57ms)
	LoadAllAssembliesAndSetupDomain (156ms)
		LoadAssemblies (143ms)
		RebuildTransferFunctionScriptingTraits (0ms)
		AnalyzeDomain (153ms)
			TypeCache.Refresh (151ms)
				TypeCache.ScanAssembly (139ms)
			BuildScriptInfoCaches (0ms)
			ResolveRequiredComponents (1ms)
	FinalizeReload (345ms)
		ReleaseScriptCaches (0ms)
		RebuildScriptCaches (0ms)
		SetupLoadedEditorAssemblies (310ms)
			LogAssemblyErrors (0ms)
			InitializePlatformSupportModulesInManaged (27ms)
			SetLoadedEditorAssemblies (6ms)
			BeforeProcessingInitializeOnLoad (58ms)
			ProcessInitializeOnLoadAttributes (163ms)
			ProcessInitializeOnLoadMethodAttributes (56ms)
			AfterProcessingInitializeOnLoad (0ms)
			EditorAssembliesLoaded (0ms)
		ExecutionOrderSort2 (0ms)
		AwakeInstancesAfterBackupRestoration (0ms)
========================================================================
Worker process is ready to serve import requests
Import Worker Mode flag is 0x00
Begin MonoManager ReloadAssembly
- Loaded All Assemblies, in  0.671 seconds
Refreshing native plugins compatible for Editor in 1.07 ms, found 2 plugins.
Native extension for WindowsStandalone target not found
Native extension for WebGL target not found
Mono: successfully reloaded assembly
- Finished resetting the current domain, in  0.648 seconds
Domain Reload Profiling: 1313ms
	BeginReloadAssembly (201ms)
		ExecutionOrderSort (0ms)
		DisableScriptedObjects (9ms)
		BackupInstance (0ms)
		ReleaseScriptingObjects (0ms)
		CreateAndSetChildDomain (35ms)
	RebuildCommonClasses (38ms)
	RebuildNativeTypeToScriptingClass (14ms)
	initialDomainReloadingComplete (42ms)
	LoadAllAssembliesAndSetupDomain (370ms)
		LoadAssemblies (368ms)
		RebuildTransferFunctionScriptingTraits (0ms)
		AnalyzeDomain (123ms)
			TypeCache.Refresh (100ms)
				TypeCache.ScanAssembly (87ms)
			BuildScriptInfoCaches (18ms)
			ResolveRequiredComponents (2ms)
	FinalizeReload (649ms)
		ReleaseScriptCaches (0ms)
		RebuildScriptCaches (0ms)
		SetupLoadedEditorAssemblies (530ms)
			LogAssemblyErrors (0ms)
			InitializePlatformSupportModulesInManaged (3ms)
			SetLoadedEditorAssemblies (4ms)
			BeforeProcessingInitializeOnLoad (109ms)
			ProcessInitializeOnLoadAttributes (379ms)
			ProcessInitializeOnLoadMethodAttributes (26ms)
			AfterProcessingInitializeOnLoad (8ms)
			EditorAssembliesLoaded (0ms)
		ExecutionOrderSort2 (0ms)
		AwakeInstancesAfterBackupRestoration (6ms)
Launched and connected shader compiler UnityShaderCompiler.exe after 0.02 seconds
Refreshing native plugins compatible for Editor in 1.46 ms, found 2 plugins.
Preloading 0 native plugins for Editor in 0.00 ms.
Unloading 28 Unused Serialized files (Serialized files now loaded: 0)
Unloading 1657 unused Assets / (1.2 MB). Loaded Objects now: 2176.
Memory consumption went from 86.2 MB to 85.0 MB.
Total: 9.494700 ms (FindLiveObjects: 0.379700 ms CreateObjectMapping: 0.413200 ms MarkObjects: 7.489700 ms  DeleteObjects: 1.210900 ms)

========================================================================
Received Import Request.
  Time since last request: 3434.536226 seconds.
  path: Assets/BlendTextures/Materials/BlendTextures/Parallax.mat
  artifactKey: Guid(ac031e7489b3a0e41a725a9fe266f649) Importer(815301076,1909f56bfc062723c751e8b465ee728b)
Start importing Assets/BlendTextures/Materials/BlendTextures/Parallax.mat using Guid(ac031e7489b3a0e41a725a9fe266f649) Importer(815301076,1909f56bfc062723c751e8b465ee728b) (PreviewImporter) -> (artifact id: '877b6271a70553f7ad900381aea17b44') in 0.2469316 seconds
Number of updated asset objects reloaded before import = 0Number of asset objects unloaded after import = 14

========================================================================
Received Import Request.
  Time since last request: 0.000021 seconds.
  path: Assets/BlendTextures/Materials/BlendTextures/DemoVid.mat
  artifactKey: Guid(9bed974756cc0614d810865c0dbe8ea5) Importer(815301076,1909f56bfc062723c751e8b465ee728b)
Start importing Assets/BlendTextures/Materials/BlendTextures/DemoVid.mat using Guid(9bed974756cc0614d810865c0dbe8ea5) Importer(815301076,1909f56bfc062723c751e8b465ee728b) (PreviewImporter) -> (artifact id: '2e0b22306b378350a6286aaf66b1341a') in 0.0428507 seconds
Number of updated asset objects reloaded before import = 0Number of asset objects unloaded after import = 11

========================================================================
Received Import Request.
  Time since last request: 447.547995 seconds.
  path: Assets/BlendTextures/Materials/BlendTextures/M_BlendTextures_Tessellation.mat
  artifactKey: Guid(bacff6ba62e04ba4d821a9c491a2ddb1) Importer(815301076,1909f56bfc062723c751e8b465ee728b)
Start importing Assets/BlendTextures/Materials/BlendTextures/M_BlendTextures_Tessellation.mat using Guid(bacff6ba62e04ba4d821a9c491a2ddb1) Importer(815301076,1909f56bfc062723c751e8b465ee728b) (PreviewImporter) -> (artifact id: 'c741eb6f99dadf2fce5f26786ada4f11') in 0.0270843 seconds
Number of updated asset objects reloaded before import = 0Number of asset objects unloaded after import = 14

========================================================================
Received Import Request.
  Time since last request: 119.757851 seconds.
  path: Assets/BlendTextures/Materials/BlendTextures/M_BlendTextures_Tessellation.mat
  artifactKey: Guid(bacff6ba62e04ba4d821a9c491a2ddb1) Importer(815301076,1909f56bfc062723c751e8b465ee728b)
Start importing Assets/BlendTextures/Materials/BlendTextures/M_BlendTextures_Tessellation.mat using Guid(bacff6ba62e04ba4d821a9c491a2ddb1) Importer(815301076,1909f56bfc062723c751e8b465ee728b) (PreviewImporter) -> (artifact id: '3f5e83c8bfb49c4268014986c83252fa') in 0.3631604 seconds
Number of updated asset objects reloaded before import = 1Number of asset objects unloaded after import = 14

========================================================================
Received Import Request.
  Time since last request: 7.991968 seconds.
  path: Assets/BlendTextures/Materials/BlendTextures/M_BlendTextures_Tessellation.mat
  artifactKey: Guid(bacff6ba62e04ba4d821a9c491a2ddb1) Importer(815301076,1909f56bfc062723c751e8b465ee728b)
Start importing Assets/BlendTextures/Materials/BlendTextures/M_BlendTextures_Tessellation.mat using Guid(bacff6ba62e04ba4d821a9c491a2ddb1) Importer(815301076,1909f56bfc062723c751e8b465ee728b) (PreviewImporter) -> (artifact id: '5e7a4137d4f532884c4b2cde5466d5f8') in 0.3393543 seconds
Number of updated asset objects reloaded before import = 1Number of asset objects unloaded after import = 14

========================================================================
Received Import Request.
  Time since last request: 3.638570 seconds.
  path: Assets/BlendTextures/Materials/BlendTextures/M_BlendTextures_Tessellation.mat
  artifactKey: Guid(bacff6ba62e04ba4d821a9c491a2ddb1) Importer(815301076,1909f56bfc062723c751e8b465ee728b)
Start importing Assets/BlendTextures/Materials/BlendTextures/M_BlendTextures_Tessellation.mat using Guid(bacff6ba62e04ba4d821a9c491a2ddb1) Importer(815301076,1909f56bfc062723c751e8b465ee728b) (PreviewImporter) -> (artifact id: 'a368d0f6842b5f00ab8e77440b64f455') in 0.3843651 seconds
Number of updated asset objects reloaded before import = 1Number of asset objects unloaded after import = 14

========================================================================
Received Import Request.
  Time since last request: 3.592880 seconds.
  path: Assets/BlendTextures/Materials/BlendTextures/M_BlendTextures_Tessellation.mat
  artifactKey: Guid(bacff6ba62e04ba4d821a9c491a2ddb1) Importer(815301076,1909f56bfc062723c751e8b465ee728b)
Start importing Assets/BlendTextures/Materials/BlendTextures/M_BlendTextures_Tessellation.mat using Guid(bacff6ba62e04ba4d821a9c491a2ddb1) Importer(815301076,1909f56bfc062723c751e8b465ee728b) (PreviewImporter) -> (artifact id: 'ca02a7d6eb3162bb6becab13ff243478') in 0.404558 seconds
Number of updated asset objects reloaded before import = 1Number of asset objects unloaded after import = 14

========================================================================
Received Import Request.
  Time since last request: 2.621760 seconds.
  path: Assets/BlendTextures/Materials/BlendTextures/M_BlendTextures_Tessellation.mat
  artifactKey: Guid(bacff6ba62e04ba4d821a9c491a2ddb1) Importer(815301076,1909f56bfc062723c751e8b465ee728b)
Start importing Assets/BlendTextures/Materials/BlendTextures/M_BlendTextures_Tessellation.mat using Guid(bacff6ba62e04ba4d821a9c491a2ddb1) Importer(815301076,1909f56bfc062723c751e8b465ee728b) (PreviewImporter) -> (artifact id: 'd58c6affdefa05b166eed71582ca267b') in 0.4105947 seconds
Number of updated asset objects reloaded before import = 1Number of asset objects unloaded after import = 14

========================================================================
Received Import Request.
  Time since last request: 3.037621 seconds.
  path: Assets/BlendTextures/Materials/BlendTextures/M_BlendTextures_Tessellation.mat
  artifactKey: Guid(bacff6ba62e04ba4d821a9c491a2ddb1) Importer(815301076,1909f56bfc062723c751e8b465ee728b)
Start importing Assets/BlendTextures/Materials/BlendTextures/M_BlendTextures_Tessellation.mat using Guid(bacff6ba62e04ba4d821a9c491a2ddb1) Importer(815301076,1909f56bfc062723c751e8b465ee728b) (PreviewImporter) -> (artifact id: '91a4ed9568328f68009f0e9e96eb8fe5') in 0.4118993 seconds
Number of updated asset objects reloaded before import = 1Number of asset objects unloaded after import = 14

========================================================================
Received Import Request.
  Time since last request: 12.300695 seconds.
  path: Assets/BlendTextures/Materials/BlendTextures/M_BlendTextures_Tessellation.mat
  artifactKey: Guid(bacff6ba62e04ba4d821a9c491a2ddb1) Importer(815301076,1909f56bfc062723c751e8b465ee728b)
Start importing Assets/BlendTextures/Materials/BlendTextures/M_BlendTextures_Tessellation.mat using Guid(bacff6ba62e04ba4d821a9c491a2ddb1) Importer(815301076,1909f56bfc062723c751e8b465ee728b) (PreviewImporter) -> (artifact id: '32e18f0b8acec8b38430729d1aac3691') in 0.405737 seconds
Number of updated asset objects reloaded before import = 1Number of asset objects unloaded after import = 14

========================================================================
Received Import Request.
  Time since last request: 110.071079 seconds.
  path: Assets/BlendTextures/Materials/BlendTextures/M_BlendTextures_Tessellation.mat
  artifactKey: Guid(bacff6ba62e04ba4d821a9c491a2ddb1) Importer(815301076,1909f56bfc062723c751e8b465ee728b)
Start importing Assets/BlendTextures/Materials/BlendTextures/M_BlendTextures_Tessellation.mat using Guid(bacff6ba62e04ba4d821a9c491a2ddb1) Importer(815301076,1909f56bfc062723c751e8b465ee728b) (PreviewImporter) -> (artifact id: '2c537356f821f753e3492f8a51732f44') in 0.0227572 seconds
Number of updated asset objects reloaded before import = 0Number of asset objects unloaded after import = 14

========================================================================
Received Import Request.
  Time since last request: 26.965817 seconds.
  path: Assets/BlendTextures/Materials/BlendTextures/M_BlendTextures_Tessellation.mat
  artifactKey: Guid(bacff6ba62e04ba4d821a9c491a2ddb1) Importer(815301076,1909f56bfc062723c751e8b465ee728b)
Start importing Assets/BlendTextures/Materials/BlendTextures/M_BlendTextures_Tessellation.mat using Guid(bacff6ba62e04ba4d821a9c491a2ddb1) Importer(815301076,1909f56bfc062723c751e8b465ee728b) (PreviewImporter) -> (artifact id: '25365f85a139938f87d187ecc2246609') in 0.0738996 seconds
Number of updated asset objects reloaded before import = 1Number of asset objects unloaded after import = 14

========================================================================
Received Import Request.
  Time since last request: 5.242235 seconds.
  path: Assets/BlendTextures/Materials/BlendTextures/M_BlendTextures_Tessellation.mat
  artifactKey: Guid(bacff6ba62e04ba4d821a9c491a2ddb1) Importer(815301076,1909f56bfc062723c751e8b465ee728b)
Start importing Assets/BlendTextures/Materials/BlendTextures/M_BlendTextures_Tessellation.mat using Guid(bacff6ba62e04ba4d821a9c491a2ddb1) Importer(815301076,1909f56bfc062723c751e8b465ee728b) (PreviewImporter) -> (artifact id: '03c7378d75470076f8fcbfb291a16028') in 0.4470445 seconds
Number of updated asset objects reloaded before import = 1Number of asset objects unloaded after import = 14

========================================================================
Received Import Request.
  Time since last request: 5.972696 seconds.
  path: Assets/BlendTextures/Materials/BlendTextures/M_BlendTextures_Tessellation.mat
  artifactKey: Guid(bacff6ba62e04ba4d821a9c491a2ddb1) Importer(815301076,1909f56bfc062723c751e8b465ee728b)
Start importing Assets/BlendTextures/Materials/BlendTextures/M_BlendTextures_Tessellation.mat using Guid(bacff6ba62e04ba4d821a9c491a2ddb1) Importer(815301076,1909f56bfc062723c751e8b465ee728b) (PreviewImporter) -> (artifact id: '5bb276bfbcc9da7f55a95912480ff209') in 0.4026154 seconds
Number of updated asset objects reloaded before import = 1Number of asset objects unloaded after import = 14

========================================================================
Received Import Request.
  Time since last request: 28.989857 seconds.
  path: Assets/BlendTextures/Materials/BlendTextures/M_BlendTextures_Tessellation.mat
  artifactKey: Guid(bacff6ba62e04ba4d821a9c491a2ddb1) Importer(815301076,1909f56bfc062723c751e8b465ee728b)
Start importing Assets/BlendTextures/Materials/BlendTextures/M_BlendTextures_Tessellation.mat using Guid(bacff6ba62e04ba4d821a9c491a2ddb1) Importer(815301076,1909f56bfc062723c751e8b465ee728b) (PreviewImporter) -> (artifact id: 'b61d3664265a084c164c29ad3230d32c') in 0.3700774 seconds
Number of updated asset objects reloaded before import = 1Number of asset objects unloaded after import = 14

========================================================================
Received Import Request.
  Time since last request: 1828.251530 seconds.
  path: Assets/BlendTextures/Materials/BlendTextures/DemoVid.mat
  artifactKey: Guid(9bed974756cc0614d810865c0dbe8ea5) Importer(815301076,1909f56bfc062723c751e8b465ee728b)
Start importing Assets/BlendTextures/Materials/BlendTextures/DemoVid.mat using Guid(9bed974756cc0614d810865c0dbe8ea5) Importer(815301076,1909f56bfc062723c751e8b465ee728b) (PreviewImporter) -> (artifact id: '1d2daac8a99b719932ddcd9009261214') in 0.4252568 seconds
Number of updated asset objects reloaded before import = 2Number of asset objects unloaded after import = 11

========================================================================
Received Import Request.
  Time since last request: 0.000020 seconds.
  path: Assets/BlendTextures/Materials/BlendTextures/POM.mat
  artifactKey: Guid(859c10f132a05d741a86f881477b3f93) Importer(815301076,1909f56bfc062723c751e8b465ee728b)
Start importing Assets/BlendTextures/Materials/BlendTextures/POM.mat using Guid(859c10f132a05d741a86f881477b3f93) Importer(815301076,1909f56bfc062723c751e8b465ee728b) (PreviewImporter) -> (artifact id: 'bf38e22ddb9ec7a93674366d5138ec23') in 0.1377846 seconds
Number of updated asset objects reloaded before import = 0Number of asset objects unloaded after import = 14

========================================================================
Received Import Request.
  Time since last request: 0.000024 seconds.
  path: Assets/BlendTextures/Materials/BlendTextures/M_BlendTextures_Tessellation.mat
  artifactKey: Guid(bacff6ba62e04ba4d821a9c491a2ddb1) Importer(815301076,1909f56bfc062723c751e8b465ee728b)
Start importing Assets/BlendTextures/Materials/BlendTextures/M_BlendTextures_Tessellation.mat using Guid(bacff6ba62e04ba4d821a9c491a2ddb1) Importer(815301076,1909f56bfc062723c751e8b465ee728b) (PreviewImporter) -> (artifact id: '2d38a1551c60529c12b2533308bc48f2') in 0.3714521 seconds
Number of updated asset objects reloaded before import = 0Number of asset objects unloaded after import = 14

========================================================================
Received Import Request.
  Time since last request: 627.129414 seconds.
  path: Assets/Scenes/Demo/Lightmap-0_comp_dir.png
  artifactKey: Guid(a2266dae282898a4d85ca56e592f7d85) Importer(815301076,1909f56bfc062723c751e8b465ee728b)
Start importing Assets/Scenes/Demo/Lightmap-0_comp_dir.png using Guid(a2266dae282898a4d85ca56e592f7d85) Importer(815301076,1909f56bfc062723c751e8b465ee728b) (PreviewImporter) -> (artifact id: 'ec13d8c61c38231900a644042a653d61') in 0.0190196 seconds
Number of updated asset objects reloaded before import = 1Number of asset objects unloaded after import = 2

========================================================================
Received Import Request.
  Time since last request: 436.218996 seconds.
  path: Assets/BlendTextures/Materials/BlendTextures/M_BlendTextures_Tessellation.mat
  artifactKey: Guid(bacff6ba62e04ba4d821a9c491a2ddb1) Importer(815301076,1909f56bfc062723c751e8b465ee728b)
Start importing Assets/BlendTextures/Materials/BlendTextures/M_BlendTextures_Tessellation.mat using Guid(bacff6ba62e04ba4d821a9c491a2ddb1) Importer(815301076,1909f56bfc062723c751e8b465ee728b) (PreviewImporter) -> (artifact id: 'dc133bba48220156919a7349f8f14122') in 0.4085163 seconds
Number of updated asset objects reloaded before import = 1Number of asset objects unloaded after import = 14

========================================================================
Received Import Request.
  Time since last request: 5.402532 seconds.
  path: Assets/BlendTextures/Materials/BlendTextures/M_BlendTextures_Tessellation.mat
  artifactKey: Guid(bacff6ba62e04ba4d821a9c491a2ddb1) Importer(815301076,1909f56bfc062723c751e8b465ee728b)
Start importing Assets/BlendTextures/Materials/BlendTextures/M_BlendTextures_Tessellation.mat using Guid(bacff6ba62e04ba4d821a9c491a2ddb1) Importer(815301076,1909f56bfc062723c751e8b465ee728b) (PreviewImporter) -> (artifact id: '60654c549548aaab43291190f86f6a6b') in 0.4115575 seconds
Number of updated asset objects reloaded before import = 1Number of asset objects unloaded after import = 14

========================================================================
Received Import Request.
  Time since last request: 459.264057 seconds.
  path: Assets/BlendTextures/Materials/BlendTextures/M_BlendTextures_Tessellation.mat
  artifactKey: Guid(bacff6ba62e04ba4d821a9c491a2ddb1) Importer(815301076,1909f56bfc062723c751e8b465ee728b)
Start importing Assets/BlendTextures/Materials/BlendTextures/M_BlendTextures_Tessellation.mat using Guid(bacff6ba62e04ba4d821a9c491a2ddb1) Importer(815301076,1909f56bfc062723c751e8b465ee728b) (PreviewImporter) -> (artifact id: 'c368c6fdd31c3b422aee916acccc159b') in 0.4072791 seconds
Number of updated asset objects reloaded before import = 1Number of asset objects unloaded after import = 14

========================================================================
Received Import Request.
  Time since last request: 162.203528 seconds.
  path: Assets/BlendTextures/Materials/BlendTextures/M_BlendTextures_Tessellation.mat
  artifactKey: Guid(bacff6ba62e04ba4d821a9c491a2ddb1) Importer(815301076,1909f56bfc062723c751e8b465ee728b)
Start importing Assets/BlendTextures/Materials/BlendTextures/M_BlendTextures_Tessellation.mat using Guid(bacff6ba62e04ba4d821a9c491a2ddb1) Importer(815301076,1909f56bfc062723c751e8b465ee728b) (PreviewImporter) -> (artifact id: 'a901eb978f8cd37955f4d3dc9eaf9fc3') in 0.3976485 seconds
Number of updated asset objects reloaded before import = 1Number of asset objects unloaded after import = 14

========================================================================
Received Import Request.
  Time since last request: 6.403155 seconds.
  path: Assets/BlendTextures/Materials/BlendTextures/M_BlendTextures_Tessellation.mat
  artifactKey: Guid(bacff6ba62e04ba4d821a9c491a2ddb1) Importer(815301076,1909f56bfc062723c751e8b465ee728b)
Start importing Assets/BlendTextures/Materials/BlendTextures/M_BlendTextures_Tessellation.mat using Guid(bacff6ba62e04ba4d821a9c491a2ddb1) Importer(815301076,1909f56bfc062723c751e8b465ee728b) (PreviewImporter) -> (artifact id: '942cb704e26802f48422d11781933721') in 0.382897 seconds
Number of updated asset objects reloaded before import = 1Number of asset objects unloaded after import = 14

========================================================================
Received Import Request.
  Time since last request: 29.686426 seconds.
  path: Assets/BlendTextures/Materials/BlendTextures/M_BlendTextures_Tessellation.mat
  artifactKey: Guid(bacff6ba62e04ba4d821a9c491a2ddb1) Importer(815301076,1909f56bfc062723c751e8b465ee728b)
Start importing Assets/BlendTextures/Materials/BlendTextures/M_BlendTextures_Tessellation.mat using Guid(bacff6ba62e04ba4d821a9c491a2ddb1) Importer(815301076,1909f56bfc062723c751e8b465ee728b) (PreviewImporter) -> (artifact id: '60e356dd91adea0180919b96be7a2080') in 0.4079299 seconds
Number of updated asset objects reloaded before import = 1Number of asset objects unloaded after import = 14

========================================================================
Received Import Request.
  Time since last request: 82.439492 seconds.
  path: Assets/BlendTextures/Materials/BlendTextures/M_BlendTextures_Tessellation.mat
  artifactKey: Guid(bacff6ba62e04ba4d821a9c491a2ddb1) Importer(815301076,1909f56bfc062723c751e8b465ee728b)
Start importing Assets/BlendTextures/Materials/BlendTextures/M_BlendTextures_Tessellation.mat using Guid(bacff6ba62e04ba4d821a9c491a2ddb1) Importer(815301076,1909f56bfc062723c751e8b465ee728b) (PreviewImporter) -> (artifact id: '45f27622667ac7752d64f0ea4b5211f0') in 0.3556168 seconds
Number of updated asset objects reloaded before import = 1Number of asset objects unloaded after import = 14

========================================================================
Received Import Request.
  Time since last request: 5.654306 seconds.
  path: Assets/BlendTextures/Materials/BlendTextures/M_BlendTextures_Tessellation.mat
  artifactKey: Guid(bacff6ba62e04ba4d821a9c491a2ddb1) Importer(815301076,1909f56bfc062723c751e8b465ee728b)
Start importing Assets/BlendTextures/Materials/BlendTextures/M_BlendTextures_Tessellation.mat using Guid(bacff6ba62e04ba4d821a9c491a2ddb1) Importer(815301076,1909f56bfc062723c751e8b465ee728b) (PreviewImporter) -> (artifact id: 'dbfadfc0c89aaa9c1e488bb72b3c2429') in 0.3978179 seconds
Number of updated asset objects reloaded before import = 1Number of asset objects unloaded after import = 14

